<?xml version="1.0" encoding="UTF-8"?>
<!-- Generated by org.testng.reporters.JUnitReportReporter -->
<testsuite hostname="bg1nb846" name="com.download.fileDownloader.FileDownloaderManagerTest" tests="1" failures="0" timestamp="5 Nov 2017 07:12:14 GMT" time="0.035" errors="0">
  <testcase name="startdownloadTest" time="0.035" classname="com.download.fileDownloader.FileDownloaderManagerTest"/>
</testsuite> <!-- com.download.fileDownloader.FileDownloaderManagerTest -->
